plugintemplate/app/build/intermediates/manifest_merge_blame_file/civDebug/manifest-merger-blame-civ-debug-report.txt
1<?xml version="1.0" encoding="utf-8"?>
2<manifest xmlns:android="http://schemas.android.com/apk/res/android"
3    package="com.atakmap.android.plugintemplate.plugin"
4    android:versionCode="1"
5    android:versionName="1.0 () - [5.1.0]" >
6
7    <uses-sdk
8        android:minSdkVersion="21"
8-->src/main/AndroidManifest.xml
9        android:targetSdkVersion="33" />
9-->src/main/AndroidManifest.xml
10
11    <application
11-->src/main/AndroidManifest.xml:6:5-29:19
12        android:allowBackup="false"
12-->src/main/AndroidManifest.xml:7:9-36
13        android:debuggable="true"
14        android:description="@string/app_desc"
14-->src/main/AndroidManifest.xml:10:9-47
15        android:extractNativeLibs="true"
15-->src/main/AndroidManifest.xml:11:9-41
16        android:icon="@drawable/ic_launcher"
16-->src/main/AndroidManifest.xml:8:9-45
17        android:label="@string/app_name"
17-->src/main/AndroidManifest.xml:9:9-41
18        android:testOnly="true"
19        android:theme="@style/AppTheme" >
19-->src/main/AndroidManifest.xml:12:9-40
20        <meta-data
21            android:name="plugin-api"
21-->src/main/AndroidManifest.xml:13:20-45
22            android:value="com.atakmap.app@5.1.0.CIV" />
22-->src/main/AndroidManifest.xml:13:46-79
23        <meta-data
23-->src/main/AndroidManifest.xml:14:9-78
24            android:name="app_desc"
24-->src/main/AndroidManifest.xml:14:20-43
25            android:value="@string/app_desc" />
25-->src/main/AndroidManifest.xml:14:44-76
26
27        <!--
28            This fictitious activity entry allow for ATAK 4.6.0.2 and newer to perform 
29            plugin discovery  android devices.  If this is removed, the plugin will 
30            not be able to be discovered or loaded.
31        -->
32        <activity
32-->src/main/AndroidManifest.xml:20:8-26:19
33            android:name="com.atakmap.app.component"
33-->src/main/AndroidManifest.xml:20:18-58
34            android:exported="true" >
34-->src/main/AndroidManifest.xml:21:12-35
35            <intent-filter android:label="@string/app_name" >
35-->src/main/AndroidManifest.xml:23:12-25:28
35-->src/main/AndroidManifest.xml:23:27-59
36                <action android:name="com.atakmap.app.component" />
36-->src/main/AndroidManifest.xml:24:15-66
36-->src/main/AndroidManifest.xml:24:23-63
37            </intent-filter>
38        </activity>
39    </application>
40
41</manifest>